{
  "stats": {
    "suites": 1,
    "tests": 4,
    "passes": 4,
    "pending": 0,
    "failures": 0,
    "start": "2020-01-15T10:03:48.270Z",
    "end": "2020-01-15T10:04:20.711Z",
    "duration": 32441,
    "testsRegistered": 4,
    "passPercent": 100,
    "pendingPercent": 0,
    "other": 0,
    "hasOther": false,
    "skipped": 0,
    "hasSkipped": false
  },
  "results": [
    {
      "uuid": "c26ea495-dd04-40ea-b847-c542ba59735c",
      "title": "",
      "fullFile": "",
      "file": "",
      "beforeHooks": [],
      "afterHooks": [],
      "tests": [],
      "suites": [
        {
          "uuid": "f70b44fa-d7ca-4a0f-9b99-485a2db1679d",
          "title": "test to create new public channel",
          "fullFile": "",
          "file": "",
          "beforeHooks": [],
          "afterHooks": [],
          "tests": [
            {
              "title": "create a new public channel",
              "fullTitle": "test to create new public channel create a new public channel",
              "timedOut": null,
              "duration": 25146,
              "state": "passed",
              "speed": "slow",
              "pass": true,
              "fail": false,
              "pending": false,
              "context": null,
              "code": "cy.xpath('//div[@data-qa=\"channels\"]').should('be.visible');\ncy.xpath('//div[@data-qa=\"channels\"]').within(function () {\n  cy.get('.p-channel_sidebar__section_heading_right').click();\n});\ncy.get('.c-sk-modal_content_section').should('be.visible');\ncy.get('#channel-name').type(publicChannelName);\ncy.get('.p-channel_create_modal').should('be.visible');\ncy.get('.c-sk-modal_footer').within(function () {\n  cy.contains('Create').click();\n});\ncy.get('.p-channel_invite_modal').should('be.visible');\ncy.get('.c-sk-modal_footer_actions', {\n  timeout: 10000\n}).contains('Skip for now').click();",
              "err": {},
              "uuid": "17c54bfa-e717-4c60-9726-d9aeb549f5b5",
              "parentUUID": "f70b44fa-d7ca-4a0f-9b99-485a2db1679d",
              "isHook": false,
              "skipped": false
            },
            {
              "title": "verify public channel created",
              "fullTitle": "test to create new public channel verify public channel created",
              "timedOut": null,
              "duration": 665,
              "state": "passed",
              "speed": "slow",
              "pass": true,
              "fail": false,
              "pending": false,
              "context": null,
              "code": "cy.xpath('//div[@class=\"p-channel_sidebar__static_list\"]').should('be.visible').contains(publicChannelName);",
              "err": {},
              "uuid": "54723fad-0549-4513-b246-4342daa7975f",
              "parentUUID": "f70b44fa-d7ca-4a0f-9b99-485a2db1679d",
              "isHook": false,
              "skipped": false
            },
            {
              "title": "delete public channel",
              "fullTitle": "test to create new public channel delete public channel",
              "timedOut": null,
              "duration": 1272,
              "state": "passed",
              "speed": "slow",
              "pass": true,
              "fail": false,
              "pending": false,
              "context": null,
              "code": "cy.xpath('//div[@class=\"p-channel_sidebar__static_list\"]').should('be.visible').contains(publicChannelName).rightclick();\ncy.get('.c-menu__items').within(function () {\n  cy.contains('Leave').click();\n});",
              "err": {},
              "uuid": "b5eb48bd-9b81-4e07-b4c1-78ef54021424",
              "parentUUID": "f70b44fa-d7ca-4a0f-9b99-485a2db1679d",
              "isHook": false,
              "skipped": false
            },
            {
              "title": "verify public channel deleted",
              "fullTitle": "test to create new public channel verify public channel deleted",
              "timedOut": null,
              "duration": 141,
              "state": "passed",
              "speed": "slow",
              "pass": true,
              "fail": false,
              "pending": false,
              "context": null,
              "code": "cy.xpath('//div[@class=\"p-channel_sidebar__static_list\"]').should('not.contain', publicChannelName);",
              "err": {},
              "uuid": "856aa198-96dc-4820-840f-410313bf6ba7",
              "parentUUID": "f70b44fa-d7ca-4a0f-9b99-485a2db1679d",
              "isHook": false,
              "skipped": false
            }
          ],
          "suites": [],
          "passes": [
            "17c54bfa-e717-4c60-9726-d9aeb549f5b5",
            "54723fad-0549-4513-b246-4342daa7975f",
            "b5eb48bd-9b81-4e07-b4c1-78ef54021424",
            "856aa198-96dc-4820-840f-410313bf6ba7"
          ],
          "failures": [],
          "pending": [],
          "skipped": [],
          "duration": 27224,
          "root": false,
          "rootEmpty": false,
          "_timeout": 2000
        }
      ],
      "passes": [],
      "failures": [],
      "pending": [],
      "skipped": [],
      "duration": 0,
      "root": true,
      "rootEmpty": true,
      "_timeout": 2000
    }
  ],
  "meta": {
    "mocha": {
      "version": "5.2.0"
    },
    "mochawesome": {
      "options": {
        "quiet": false,
        "reportFilename": "mochawesome",
        "saveHtml": false,
        "saveJson": true,
        "consoleReporter": "spec",
        "useInlineDiffs": false
      },
      "version": "4.1.0"
    },
    "marge": {
      "options": {
        "id": "default",
        "reportDir": "cypress/reports/mochawesome",
        "overwrite": false,
        "html": false,
        "json": true
      },
      "version": "4.1.0"
    }
  }
}