{
  "stats": {
    "suites": 1,
    "tests": 1,
    "passes": 1,
    "pending": 0,
    "failures": 0,
    "start": "2020-01-15T10:04:31.949Z",
    "end": "2020-01-15T10:05:01.951Z",
    "duration": 30002,
    "testsRegistered": 1,
    "passPercent": 100,
    "pendingPercent": 0,
    "other": 0,
    "hasOther": false,
    "skipped": 0,
    "hasSkipped": false
  },
  "results": [
    {
      "uuid": "e052890e-de07-4272-adad-7233b99c4072",
      "title": "",
      "fullFile": "",
      "file": "",
      "beforeHooks": [],
      "afterHooks": [],
      "tests": [],
      "suites": [
        {
          "uuid": "ac1383de-77e7-4514-9cfb-58d0f5427389",
          "title": "Customize Workspace",
          "fullFile": "",
          "file": "",
          "beforeHooks": [],
          "afterHooks": [],
          "tests": [
            {
              "title": "Customizing workspace using preferences",
              "fullTitle": "Customize Workspace Customizing workspace using preferences",
              "timedOut": null,
              "duration": 24261,
              "state": "passed",
              "speed": "slow",
              "pass": true,
              "fail": false,
              "pending": false,
              "context": null,
              "code": "cy.wait(1000);\ncy.get('[type=\"chevron-down\"]').click();\ncy.get('.c-menu_item__li').within(function () {\n  cy.contains('Preferences').should('be.visible').click();\n});\ncy.get('.c-sidebar_menu__list').contains('Themes').should('be.visible').click();\ncy.get('.c-label__text').within(function () {\n  cy.contains('Dark').should('be.visible').click();\n});\ncy.get('.c-fullscreen_modal__close').should('be.visible').click();",
              "err": {},
              "uuid": "07f65065-cf42-4880-a875-604ceaba1b43",
              "parentUUID": "ac1383de-77e7-4514-9cfb-58d0f5427389",
              "isHook": false,
              "skipped": false
            }
          ],
          "suites": [],
          "passes": [
            "07f65065-cf42-4880-a875-604ceaba1b43"
          ],
          "failures": [],
          "pending": [],
          "skipped": [],
          "duration": 24261,
          "root": false,
          "rootEmpty": false,
          "_timeout": 2000
        }
      ],
      "passes": [],
      "failures": [],
      "pending": [],
      "skipped": [],
      "duration": 0,
      "root": true,
      "rootEmpty": true,
      "_timeout": 2000
    }
  ],
  "meta": {
    "mocha": {
      "version": "5.2.0"
    },
    "mochawesome": {
      "options": {
        "quiet": false,
        "reportFilename": "mochawesome",
        "saveHtml": false,
        "saveJson": true,
        "consoleReporter": "spec",
        "useInlineDiffs": false
      },
      "version": "4.1.0"
    },
    "marge": {
      "options": {
        "id": "default",
        "reportDir": "cypress/reports/mochawesome",
        "overwrite": false,
        "html": false,
        "json": true
      },
      "version": "4.1.0"
    }
  }
}