{
  "stats": {
    "suites": 1,
    "tests": 1,
    "passes": 1,
    "pending": 0,
    "failures": 0,
    "start": "2020-01-15T10:09:07.093Z",
    "end": "2020-01-15T10:09:34.418Z",
    "duration": 27325,
    "testsRegistered": 1,
    "passPercent": 100,
    "pendingPercent": 0,
    "other": 0,
    "hasOther": false,
    "skipped": 0,
    "hasSkipped": false
  },
  "results": [
    {
      "uuid": "126d1747-6a17-4563-9480-8fd73d24a7e0",
      "title": "",
      "fullFile": "",
      "file": "",
      "beforeHooks": [],
      "afterHooks": [],
      "tests": [],
      "suites": [
        {
          "uuid": "6e7ce2be-2a7f-41fa-8971-b87c50f549bd",
          "title": "Update Status",
          "fullFile": "",
          "file": "",
          "beforeHooks": [],
          "afterHooks": [],
          "tests": [
            {
              "title": "Setting Status",
              "fullTitle": "Update Status Setting Status",
              "timedOut": null,
              "duration": 20750,
              "state": "passed",
              "speed": "slow",
              "pass": true,
              "fail": false,
              "pending": false,
              "context": null,
              "code": "cy.wait(2000); // If status is active\ncy.get('body').then(function (topNav) {\n  // if status is active\n  if (topNav.find('.p-classic_nav__team_header__user__presence[type=\"presence-online\"]').length > 0) {\n    cy.log('this is active');\n    cy.get('[type=\"chevron-down\"]').click();\n    cy.get('.c-menu_item__li').within(function () {\n      cy.contains('Set yourself to away').should('be.visible').click();\n    }); //modal is present\n    cy.get('body').then(function (topNav) {\n      if (topNav.find('.c-sk-modal_title_bar').length > 0) //(cy.get('.ReactModal__Content').find('.c-sk-modal_title_bar__text').length>0)\n        {\n          cy.log(\"In Modal\");\n          cy.contains('Set to Active').should('be.visible').click();\n        } else {\n        cy.log('modal not appeared');\n      }\n    });\n  } else {\n    cy.log('this is away');\n    cy.get('[type=\"chevron-down\"]').click();\n    cy.get('.c-menu_item__li').within(function () {\n      cy.contains('Set yourself to active').should('be.visible').click();\n    }); //modal is present\n    cy.get('body').then(function (topNav) {\n      if (topNav.find('.c-sk-modal_title_bar').length > 0) //(cy.get('.ReactModal__Content').find('.c-sk-modal_title_bar__text').length>0)\n        {\n          cy.log(\"In Modal\");\n          cy.contains('Set to Active').should('be.visible').click();\n        } else {\n        cy.log('modal not appeared');\n      }\n    });\n  }\n});",
              "err": {},
              "uuid": "0d847a74-af90-49a0-8e6b-aa892071fa9b",
              "parentUUID": "6e7ce2be-2a7f-41fa-8971-b87c50f549bd",
              "isHook": false,
              "skipped": false
            }
          ],
          "suites": [],
          "passes": [
            "0d847a74-af90-49a0-8e6b-aa892071fa9b"
          ],
          "failures": [],
          "pending": [],
          "skipped": [],
          "duration": 20750,
          "root": false,
          "rootEmpty": false,
          "_timeout": 2000
        }
      ],
      "passes": [],
      "failures": [],
      "pending": [],
      "skipped": [],
      "duration": 0,
      "root": true,
      "rootEmpty": true,
      "_timeout": 2000
    }
  ],
  "meta": {
    "mocha": {
      "version": "5.2.0"
    },
    "mochawesome": {
      "options": {
        "quiet": false,
        "reportFilename": "mochawesome",
        "saveHtml": false,
        "saveJson": true,
        "consoleReporter": "spec",
        "useInlineDiffs": false
      },
      "version": "4.1.0"
    },
    "marge": {
      "options": {
        "id": "default",
        "reportDir": "cypress/reports/mochawesome",
        "overwrite": false,
        "html": false,
        "json": true
      },
      "version": "4.1.0"
    }
  }
}