{
  "stats": {
    "suites": 1,
    "tests": 1,
    "passes": 1,
    "pending": 0,
    "failures": 0,
    "start": "2020-01-15T10:05:48.754Z",
    "end": "2020-01-15T10:06:20.716Z",
    "duration": 31962,
    "testsRegistered": 1,
    "passPercent": 100,
    "pendingPercent": 0,
    "other": 0,
    "hasOther": false,
    "skipped": 0,
    "hasSkipped": false
  },
  "results": [
    {
      "uuid": "3dc7ad95-7d56-4b3e-9815-75a75d4d8bf7",
      "title": "",
      "fullFile": "",
      "file": "",
      "beforeHooks": [],
      "afterHooks": [],
      "tests": [],
      "suites": [
        {
          "uuid": "5952360a-9fe8-4336-b1fb-f67e981dcb17",
          "title": "Format Messages",
          "fullFile": "",
          "file": "",
          "beforeHooks": [],
          "afterHooks": [],
          "tests": [
            {
              "title": "User to Format Messages while messaging",
              "fullTitle": "Format Messages User to Format Messages while messaging",
              "timedOut": null,
              "duration": 26269,
              "state": "passed",
              "speed": "slow",
              "pass": true,
              "fail": false,
              "pending": false,
              "context": null,
              "code": "cy.get('span[data-qa=\"channel_sidebar_name_slackbot\"] span').click();\ncy.get('.ql-composer-sticky').click();\ncy.get('.c-icon--bold').click();\nvar str = _support.UTILS.getRandomString();\ncy.get('.p-message_input_field').should('be.visible').type('@neelesh' + '{enter}' + str + 'New Message').type('{enter}');",
              "err": {},
              "uuid": "901804c1-8c45-4bb6-8b3a-805b39963006",
              "parentUUID": "5952360a-9fe8-4336-b1fb-f67e981dcb17",
              "isHook": false,
              "skipped": false
            }
          ],
          "suites": [],
          "passes": [
            "901804c1-8c45-4bb6-8b3a-805b39963006"
          ],
          "failures": [],
          "pending": [],
          "skipped": [],
          "duration": 26269,
          "root": false,
          "rootEmpty": false,
          "_timeout": 2000
        }
      ],
      "passes": [],
      "failures": [],
      "pending": [],
      "skipped": [],
      "duration": 0,
      "root": true,
      "rootEmpty": true,
      "_timeout": 2000
    }
  ],
  "meta": {
    "mocha": {
      "version": "5.2.0"
    },
    "mochawesome": {
      "options": {
        "quiet": false,
        "reportFilename": "mochawesome",
        "saveHtml": false,
        "saveJson": true,
        "consoleReporter": "spec",
        "useInlineDiffs": false
      },
      "version": "4.1.0"
    },
    "marge": {
      "options": {
        "id": "default",
        "reportDir": "cypress/reports/mochawesome",
        "overwrite": false,
        "html": false,
        "json": true
      },
      "version": "4.1.0"
    }
  }
}